g:\2do\1ercuatrimestre\tpv\practicabow3\bowpractica_3.0\proyectossdl\holasdl\debug\vc142.pdb
g:\2do\1ercuatrimestre\tpv\practicabow3\bowpractica_3.0\proyectossdl\holasdl\debug\vc142.idb
g:\2do\1ercuatrimestre\tpv\practicabow3\bowpractica_3.0\proyectossdl\holasdl\debug\vector2d.obj
g:\2do\1ercuatrimestre\tpv\practicabow3\bowpractica_3.0\proyectossdl\holasdl\debug\texture.obj
g:\2do\1ercuatrimestre\tpv\practicabow3\bowpractica_3.0\proyectossdl\holasdl\debug\sdlgameobject.obj
g:\2do\1ercuatrimestre\tpv\practicabow3\bowpractica_3.0\proyectossdl\holasdl\debug\playstate.obj
g:\2do\1ercuatrimestre\tpv\practicabow3\bowpractica_3.0\proyectossdl\holasdl\debug\pausestate.obj
g:\2do\1ercuatrimestre\tpv\practicabow3\bowpractica_3.0\proyectossdl\holasdl\debug\menubutton.obj
g:\2do\1ercuatrimestre\tpv\practicabow3\bowpractica_3.0\proyectossdl\holasdl\debug\mainmenustate.obj
g:\2do\1ercuatrimestre\tpv\practicabow3\bowpractica_3.0\proyectossdl\holasdl\debug\main.obj
g:\2do\1ercuatrimestre\tpv\practicabow3\bowpractica_3.0\proyectossdl\holasdl\debug\gamestatemachine.obj
g:\2do\1ercuatrimestre\tpv\practicabow3\bowpractica_3.0\proyectossdl\holasdl\debug\gamestate.obj
g:\2do\1ercuatrimestre\tpv\practicabow3\bowpractica_3.0\proyectossdl\holasdl\debug\gameobject.obj
g:\2do\1ercuatrimestre\tpv\practicabow3\bowpractica_3.0\proyectossdl\holasdl\debug\sdlapplication.obj
g:\2do\1ercuatrimestre\tpv\practicabow3\bowpractica_3.0\proyectossdl\holasdl\debug\endstate.obj
g:\2do\1ercuatrimestre\tpv\practicabow3\bowpractica_3.0\proyectossdl\holasdl\debug\background.obj
g:\2do\1ercuatrimestre\tpv\practicabow3\bowpractica_3.0\proyectossdl\holasdl\debug\arrowgameobject.obj
g:\2do\1ercuatrimestre\tpv\practicabow3\bowpractica_3.0\proyectossdl\bin\holasdldebug.exe
g:\2do\1ercuatrimestre\tpv\practicabow3\bowpractica_3.0\proyectossdl\bin\holasdldebug.ilk
g:\2do\1ercuatrimestre\tpv\practicabow3\bowpractica_3.0\proyectossdl\bin\holasdldebug.pdb
g:\2do\1ercuatrimestre\tpv\practicabow3\bowpractica_3.0\proyectossdl\holasdl\debug\holasdl.tlog\cl.command.1.tlog
g:\2do\1ercuatrimestre\tpv\practicabow3\bowpractica_3.0\proyectossdl\holasdl\debug\holasdl.tlog\cl.read.1.tlog
g:\2do\1ercuatrimestre\tpv\practicabow3\bowpractica_3.0\proyectossdl\holasdl\debug\holasdl.tlog\cl.write.1.tlog
g:\2do\1ercuatrimestre\tpv\practicabow3\bowpractica_3.0\proyectossdl\holasdl\debug\holasdl.tlog\link.command.1.tlog
g:\2do\1ercuatrimestre\tpv\practicabow3\bowpractica_3.0\proyectossdl\holasdl\debug\holasdl.tlog\link.read.1.tlog
g:\2do\1ercuatrimestre\tpv\practicabow3\bowpractica_3.0\proyectossdl\holasdl\debug\holasdl.tlog\link.write.1.tlog
